[35m[1mScanning dependencies of target tf2_msgs_generate_messages_lisp[0m
[  0%] Built target tf2_msgs_generate_messages_lisp
[35m[1mScanning dependencies of target _franka_control_generate_messages_check_deps_SetKFrame[0m
[35m[1mScanning dependencies of target _franka_control_generate_messages_check_deps_SetLoad[0m
[  0%] Built target _franka_control_generate_messages_check_deps_SetKFrame
[35m[1mScanning dependencies of target _franka_control_generate_messages_check_deps_SetFullCollisionBehavior[0m
[  0%] Built target _franka_control_generate_messages_check_deps_SetLoad
[35m[1mScanning dependencies of target _franka_control_generate_messages_check_deps_SetEEFrame[0m
[  0%] Built target _franka_control_generate_messages_check_deps_SetFullCollisionBehavior
[35m[1mScanning dependencies of target _franka_control_generate_messages_check_deps_SetCartesianImpedance[0m
[  0%] Built target _franka_control_generate_messages_check_deps_SetEEFrame
[35m[1mScanning dependencies of target _franka_control_generate_messages_check_deps_ErrorRecoveryActionFeedback[0m
[  0%] Built target _franka_control_generate_messages_check_deps_SetCartesianImpedance
[35m[1mScanning dependencies of target _franka_control_generate_messages_check_deps_ErrorRecoveryActionGoal[0m
[  0%] Built target _franka_control_generate_messages_check_deps_ErrorRecoveryActionFeedback
[35m[1mScanning dependencies of target _franka_control_generate_messages_check_deps_SetJointImpedance[0m
[  0%] Built target _franka_control_generate_messages_check_deps_ErrorRecoveryActionGoal
[35m[1mScanning dependencies of target _franka_control_generate_messages_check_deps_ErrorRecoveryAction[0m
[  0%] Built target _franka_control_generate_messages_check_deps_SetJointImpedance
[35m[1mScanning dependencies of target _franka_control_generate_messages_check_deps_ErrorRecoveryGoal[0m
[  0%] Built target _franka_control_generate_messages_check_deps_ErrorRecoveryAction
[  0%] Built target _franka_control_generate_messages_check_deps_ErrorRecoveryGoal
[35m[1mScanning dependencies of target actionlib_msgs_generate_messages_py[0m
[35m[1mScanning dependencies of target _franka_control_generate_messages_check_deps_SetForceTorqueCollisionBehavior[0m
[  0%] Built target actionlib_msgs_generate_messages_py
[35m[1mScanning dependencies of target _franka_control_generate_messages_check_deps_ErrorRecoveryFeedback[0m
[  0%] Built target _franka_control_generate_messages_check_deps_SetForceTorqueCollisionBehavior
[35m[1mScanning dependencies of target _franka_control_generate_messages_check_deps_ErrorRecoveryActionResult[0m
[  0%] Built target _franka_control_generate_messages_check_deps_ErrorRecoveryFeedback
[35m[1mScanning dependencies of target _franka_control_generate_messages_check_deps_ErrorRecoveryResult[0m
[  0%] Built target _franka_control_generate_messages_check_deps_ErrorRecoveryActionResult
[35m[1mScanning dependencies of target actionlib_msgs_generate_messages_nodejs[0m
[  0%] Built target _franka_control_generate_messages_check_deps_ErrorRecoveryResult
[  0%] Built target actionlib_msgs_generate_messages_nodejs
[35m[1mScanning dependencies of target actionlib_msgs_generate_messages_lisp[0m
[35m[1mScanning dependencies of target tf2_msgs_generate_messages_py[0m
[  0%] Built target tf2_msgs_generate_messages_py
[  0%] Built target actionlib_msgs_generate_messages_lisp
[35m[1mScanning dependencies of target tf2_msgs_generate_messages_nodejs[0m
[35m[1mScanning dependencies of target roscpp_generate_messages_eus[0m
[  0%] Built target tf2_msgs_generate_messages_nodejs
[  0%] Built target roscpp_generate_messages_eus
[35m[1mScanning dependencies of target std_msgs_generate_messages_py[0m
[35m[1mScanning dependencies of target roscpp_generate_messages_cpp[0m
[  0%] Built target roscpp_generate_messages_cpp
[  0%] Built target std_msgs_generate_messages_py
[35m[1mScanning dependencies of target std_msgs_generate_messages_nodejs[0m
[35m[1mScanning dependencies of target geometry_msgs_generate_messages_eus[0m
[  0%] Built target std_msgs_generate_messages_nodejs
[  0%] Built target geometry_msgs_generate_messages_eus
[35m[1mScanning dependencies of target controller_manager_msgs_generate_messages_nodejs[0m
[35m[1mScanning dependencies of target franka_msgs_generate_messages_nodejs[0m
[  0%] Built target controller_manager_msgs_generate_messages_nodejs
[  0%] Built target franka_msgs_generate_messages_nodejs
[35m[1mScanning dependencies of target roscpp_generate_messages_nodejs[0m
[35m[1mScanning dependencies of target std_msgs_generate_messages_cpp[0m
[  0%] Built target roscpp_generate_messages_nodejs
[  0%] Built target std_msgs_generate_messages_cpp
[35m[1mScanning dependencies of target tf2_msgs_generate_messages_cpp[0m
[35m[1mScanning dependencies of target actionlib_generate_messages_cpp[0m
[  0%] Built target tf2_msgs_generate_messages_cpp
[  0%] Built target actionlib_generate_messages_cpp
[35m[1mScanning dependencies of target rosgraph_msgs_generate_messages_nodejs[0m
[35m[1mScanning dependencies of target tf_generate_messages_eus[0m
[  0%] Built target rosgraph_msgs_generate_messages_nodejs
[  0%] Built target tf_generate_messages_eus
[35m[1mScanning dependencies of target rosgraph_msgs_generate_messages_lisp[0m
[35m[1mScanning dependencies of target actionlib_msgs_generate_messages_eus[0m
[  0%] Built target rosgraph_msgs_generate_messages_lisp
[  0%] Built target actionlib_msgs_generate_messages_eus
[35m[1mScanning dependencies of target actionlib_generate_messages_py[0m
[35m[1mScanning dependencies of target actionlib_generate_messages_lisp[0m
[  0%] Built target actionlib_generate_messages_py
[  0%] Built target actionlib_generate_messages_lisp
[35m[1mScanning dependencies of target _catkin_empty_exported_target[0m
[35m[1mScanning dependencies of target controller_manager_msgs_generate_messages_eus[0m
[  0%] Built target _catkin_empty_exported_target
[35m[1mScanning dependencies of target actionlib_generate_messages_nodejs[0m
[  0%] Built target controller_manager_msgs_generate_messages_eus
[35m[1mScanning dependencies of target rosgraph_msgs_generate_messages_py[0m
[  0%] Built target actionlib_generate_messages_nodejs
[  0%] Built target rosgraph_msgs_generate_messages_py
[35m[1mScanning dependencies of target rosgraph_msgs_generate_messages_cpp[0m
[35m[1mScanning dependencies of target actionlib_generate_messages_eus[0m
[  0%] Built target rosgraph_msgs_generate_messages_cpp
[  0%] Built target actionlib_generate_messages_eus
[35m[1mScanning dependencies of target roscpp_generate_messages_py[0m
[35m[1mScanning dependencies of target roscpp_generate_messages_lisp[0m
[  0%] Built target roscpp_generate_messages_py
[  0%] Built target roscpp_generate_messages_lisp
[35m[1mScanning dependencies of target controller_manager_msgs_generate_messages_lisp[0m
[35m[1mScanning dependencies of target std_msgs_generate_messages_eus[0m
[  0%] Built target controller_manager_msgs_generate_messages_lisp
[  0%] Built target std_msgs_generate_messages_eus
[35m[1mScanning dependencies of target rosgraph_msgs_generate_messages_eus[0m
[35m[1mScanning dependencies of target tf_generate_messages_py[0m
[  0%] Built target tf_generate_messages_py
[  0%] Built target rosgraph_msgs_generate_messages_eus
[35m[1mScanning dependencies of target controller_manager_msgs_generate_messages_cpp[0m
[35m[1mScanning dependencies of target std_msgs_generate_messages_lisp[0m
[  0%] Built target controller_manager_msgs_generate_messages_cpp
[  0%] Built target std_msgs_generate_messages_lisp
[35m[1mScanning dependencies of target actionlib_msgs_generate_messages_cpp[0m
[35m[1mScanning dependencies of target controller_manager_msgs_generate_messages_py[0m
[  0%] Built target actionlib_msgs_generate_messages_cpp
[  0%] Built target controller_manager_msgs_generate_messages_py
[35m[1mScanning dependencies of target sensor_msgs_generate_messages_nodejs[0m
[35m[1mScanning dependencies of target franka_msgs_generate_messages_cpp[0m
[  0%] Built target sensor_msgs_generate_messages_nodejs
[  0%] Built target franka_msgs_generate_messages_cpp
[35m[1mScanning dependencies of target franka_control_generate_messages_eus[0m
[35m[1mScanning dependencies of target franka_control_generate_messages_cpp[0m
[  1%] [34m[1mGenerating EusLisp code from franka_control/ErrorRecoveryAction.msg[0m
[  2%] [34m[1mGenerating C++ code from franka_control/ErrorRecoveryAction.msg[0m
[  3%] [34m[1mGenerating EusLisp code from franka_control/ErrorRecoveryActionGoal.msg[0m
[  5%] [34m[1mGenerating EusLisp code from franka_control/ErrorRecoveryActionResult.msg[0m
[  6%] [34m[1mGenerating C++ code from franka_control/ErrorRecoveryActionGoal.msg[0m
[  7%] [34m[1mGenerating EusLisp code from franka_control/ErrorRecoveryActionFeedback.msg[0m
[  8%] [34m[1mGenerating EusLisp code from franka_control/ErrorRecoveryGoal.msg[0m
[ 10%] [34m[1mGenerating C++ code from franka_control/ErrorRecoveryActionResult.msg[0m
[ 11%] [34m[1mGenerating EusLisp code from franka_control/ErrorRecoveryResult.msg[0m
[ 12%] [34m[1mGenerating EusLisp code from franka_control/ErrorRecoveryFeedback.msg[0m
[ 13%] [34m[1mGenerating C++ code from franka_control/ErrorRecoveryActionFeedback.msg[0m
[ 15%] [34m[1mGenerating EusLisp code from franka_control/SetCartesianImpedance.srv[0m
[ 16%] [34m[1mGenerating EusLisp code from franka_control/SetEEFrame.srv[0m
[ 17%] [34m[1mGenerating C++ code from franka_control/ErrorRecoveryGoal.msg[0m
[ 18%] [34m[1mGenerating EusLisp code from franka_control/SetForceTorqueCollisionBehavior.srv[0m
[ 20%] [34m[1mGenerating EusLisp code from franka_control/SetFullCollisionBehavior.srv[0m
[ 21%] [34m[1mGenerating C++ code from franka_control/ErrorRecoveryResult.msg[0m
[ 22%] [34m[1mGenerating EusLisp code from franka_control/SetJointImpedance.srv[0m
[ 24%] [34m[1mGenerating EusLisp code from franka_control/SetKFrame.srv[0m
[ 25%] [34m[1mGenerating C++ code from franka_control/ErrorRecoveryFeedback.msg[0m
[ 26%] [34m[1mGenerating EusLisp code from franka_control/SetLoad.srv[0m
[ 27%] [34m[1mGenerating EusLisp manifest code for franka_control[0m
[ 29%] [34m[1mGenerating C++ code from franka_control/SetCartesianImpedance.srv[0m
[ 30%] [34m[1mGenerating C++ code from franka_control/SetEEFrame.srv[0m
[ 31%] [34m[1mGenerating C++ code from franka_control/SetForceTorqueCollisionBehavior.srv[0m
[ 32%] [34m[1mGenerating C++ code from franka_control/SetFullCollisionBehavior.srv[0m
[ 32%] Built target franka_control_generate_messages_eus
[35m[1mScanning dependencies of target franka_msgs_generate_messages_eus[0m
[ 32%] Built target franka_msgs_generate_messages_eus
[35m[1mScanning dependencies of target geometry_msgs_generate_messages_cpp[0m
[ 32%] Built target geometry_msgs_generate_messages_cpp
[35m[1mScanning dependencies of target franka_msgs_generate_messages_lisp[0m
[ 32%] Built target franka_msgs_generate_messages_lisp
[ 34%] [34m[1mGenerating C++ code from franka_control/SetJointImpedance.srv[0m
[35m[1mScanning dependencies of target franka_msgs_generate_messages_py[0m
[ 34%] Built target franka_msgs_generate_messages_py
[35m[1mScanning dependencies of target geometry_msgs_generate_messages_lisp[0m
[ 34%] Built target geometry_msgs_generate_messages_lisp
[35m[1mScanning dependencies of target tf_generate_messages_cpp[0m
[ 34%] Built target tf_generate_messages_cpp
[35m[1mScanning dependencies of target geometry_msgs_generate_messages_nodejs[0m
[ 34%] Built target geometry_msgs_generate_messages_nodejs
[35m[1mScanning dependencies of target geometry_msgs_generate_messages_py[0m
[ 34%] Built target geometry_msgs_generate_messages_py
[35m[1mScanning dependencies of target tf2_msgs_generate_messages_eus[0m
[ 34%] Built target tf2_msgs_generate_messages_eus
[35m[1mScanning dependencies of target sensor_msgs_generate_messages_py[0m
[ 34%] Built target sensor_msgs_generate_messages_py
[35m[1mScanning dependencies of target sensor_msgs_generate_messages_cpp[0m
[ 34%] Built target sensor_msgs_generate_messages_cpp
[35m[1mScanning dependencies of target sensor_msgs_generate_messages_eus[0m
[ 34%] Built target sensor_msgs_generate_messages_eus
[35m[1mScanning dependencies of target sensor_msgs_generate_messages_lisp[0m
[ 34%] Built target sensor_msgs_generate_messages_lisp
[35m[1mScanning dependencies of target tf_generate_messages_lisp[0m
[ 34%] Built target tf_generate_messages_lisp
[35m[1mScanning dependencies of target tf_generate_messages_nodejs[0m
[ 34%] Built target tf_generate_messages_nodejs
[ 35%] [34m[1mGenerating C++ code from franka_control/SetKFrame.srv[0m
[ 36%] [34m[1mGenerating C++ code from franka_control/SetLoad.srv[0m
[ 36%] Built target franka_control_generate_messages_cpp
[35m[1mScanning dependencies of target franka_control_generate_messages_py[0m
[ 37%] [34m[1mGenerating Python from MSG franka_control/ErrorRecoveryAction[0m
[ 39%] [34m[1mGenerating Python from MSG franka_control/ErrorRecoveryActionGoal[0m
[ 40%] [34m[1mGenerating Python from MSG franka_control/ErrorRecoveryActionResult[0m
[ 41%] [34m[1mGenerating Python from MSG franka_control/ErrorRecoveryActionFeedback[0m
[ 43%] [34m[1mGenerating Python from MSG franka_control/ErrorRecoveryGoal[0m
[ 44%] [34m[1mGenerating Python from MSG franka_control/ErrorRecoveryResult[0m
[ 45%] [34m[1mGenerating Python from MSG franka_control/ErrorRecoveryFeedback[0m
[ 46%] [34m[1mGenerating Python code from SRV franka_control/SetCartesianImpedance[0m
[ 48%] [34m[1mGenerating Python code from SRV franka_control/SetEEFrame[0m
[ 49%] [34m[1mGenerating Python code from SRV franka_control/SetForceTorqueCollisionBehavior[0m
[ 50%] [34m[1mGenerating Python code from SRV franka_control/SetFullCollisionBehavior[0m
[ 51%] [34m[1mGenerating Python code from SRV franka_control/SetJointImpedance[0m
[ 53%] [34m[1mGenerating Python code from SRV franka_control/SetKFrame[0m
[ 54%] [34m[1mGenerating Python code from SRV franka_control/SetLoad[0m
[ 55%] [34m[1mGenerating Python msg __init__.py for franka_control[0m
[ 56%] [34m[1mGenerating Python srv __init__.py for franka_control[0m
[ 56%] Built target franka_control_generate_messages_py
[35m[1mScanning dependencies of target franka_control_generate_messages_nodejs[0m
[ 58%] [34m[1mGenerating Javascript code from franka_control/ErrorRecoveryAction.msg[0m
[ 59%] [34m[1mGenerating Javascript code from franka_control/ErrorRecoveryActionGoal.msg[0m
[ 60%] [34m[1mGenerating Javascript code from franka_control/ErrorRecoveryActionResult.msg[0m
[ 62%] [34m[1mGenerating Javascript code from franka_control/ErrorRecoveryActionFeedback.msg[0m
[ 63%] [34m[1mGenerating Javascript code from franka_control/ErrorRecoveryGoal.msg[0m
[ 64%] [34m[1mGenerating Javascript code from franka_control/ErrorRecoveryResult.msg[0m
[ 65%] [34m[1mGenerating Javascript code from franka_control/ErrorRecoveryFeedback.msg[0m
[ 67%] [34m[1mGenerating Javascript code from franka_control/SetCartesianImpedance.srv[0m
[ 68%] [34m[1mGenerating Javascript code from franka_control/SetEEFrame.srv[0m
[ 69%] [34m[1mGenerating Javascript code from franka_control/SetForceTorqueCollisionBehavior.srv[0m
[ 70%] [34m[1mGenerating Javascript code from franka_control/SetFullCollisionBehavior.srv[0m
[ 72%] [34m[1mGenerating Javascript code from franka_control/SetJointImpedance.srv[0m
[ 73%] [34m[1mGenerating Javascript code from franka_control/SetKFrame.srv[0m
[ 74%] [34m[1mGenerating Javascript code from franka_control/SetLoad.srv[0m
[ 74%] Built target franka_control_generate_messages_nodejs
[35m[1mScanning dependencies of target franka_control_generate_messages_lisp[0m
[ 75%] [34m[1mGenerating Lisp code from franka_control/ErrorRecoveryAction.msg[0m
[ 77%] [34m[1mGenerating Lisp code from franka_control/ErrorRecoveryActionGoal.msg[0m
[ 78%] [34m[1mGenerating Lisp code from franka_control/ErrorRecoveryActionResult.msg[0m
[ 79%] [34m[1mGenerating Lisp code from franka_control/ErrorRecoveryActionFeedback.msg[0m
[ 81%] [34m[1mGenerating Lisp code from franka_control/ErrorRecoveryGoal.msg[0m
[ 82%] [34m[1mGenerating Lisp code from franka_control/ErrorRecoveryResult.msg[0m
[ 83%] [34m[1mGenerating Lisp code from franka_control/ErrorRecoveryFeedback.msg[0m
[ 84%] [34m[1mGenerating Lisp code from franka_control/SetCartesianImpedance.srv[0m
[ 86%] [34m[1mGenerating Lisp code from franka_control/SetEEFrame.srv[0m
[ 87%] [34m[1mGenerating Lisp code from franka_control/SetForceTorqueCollisionBehavior.srv[0m
[ 88%] [34m[1mGenerating Lisp code from franka_control/SetFullCollisionBehavior.srv[0m
[ 89%] [34m[1mGenerating Lisp code from franka_control/SetJointImpedance.srv[0m
[ 91%] [34m[1mGenerating Lisp code from franka_control/SetKFrame.srv[0m
[ 92%] [34m[1mGenerating Lisp code from franka_control/SetLoad.srv[0m
[ 92%] Built target franka_control_generate_messages_lisp
[35m[1mScanning dependencies of target franka_control_services[0m
[ 93%] [32mBuilding CXX object CMakeFiles/franka_control_services.dir/src/services.cpp.o[0m
[ 94%] [32m[1mLinking CXX shared library /home/stefan/ws_moveit/devel/.private/franka_control/lib/libfranka_control_services.so[0m
[ 94%] Built target franka_control_services
[35m[1mScanning dependencies of target franka_control_generate_messages[0m
[ 94%] Built target franka_control_generate_messages
[35m[1mScanning dependencies of target franka_state_controller[0m
[ 96%] [32mBuilding CXX object CMakeFiles/franka_state_controller.dir/src/franka_state_controller.cpp.o[0m
[ 97%] [32m[1mLinking CXX shared library /home/stefan/ws_moveit/devel/.private/franka_control/lib/libfranka_state_controller.so[0m
[ 97%] Built target franka_state_controller
[35m[1mScanning dependencies of target franka_control_node[0m
[ 98%] [32mBuilding CXX object CMakeFiles/franka_control_node.dir/src/franka_control_node.cpp.o[0m
[100%] [32m[1mLinking CXX executable /home/stefan/ws_moveit/devel/.private/franka_control/lib/franka_control/franka_control_node[0m
[100%] Built target franka_control_node
