Symlinking /home/stefan/ws_moveit/devel/lib/libfranka_state_controller.so
Symlinking /home/stefan/ws_moveit/devel/lib/libfranka_control_services.so
Symlinking /home/stefan/ws_moveit/devel/lib/python3/dist-packages/franka_control/__init__.py
Symlinking /home/stefan/ws_moveit/devel/lib/python3/dist-packages/franka_control/srv/_SetEEFrame.py
Symlinking /home/stefan/ws_moveit/devel/lib/python3/dist-packages/franka_control/srv/_SetLoad.py
Symlinking /home/stefan/ws_moveit/devel/lib/python3/dist-packages/franka_control/srv/_SetFullCollisionBehavior.py
Symlinking /home/stefan/ws_moveit/devel/lib/python3/dist-packages/franka_control/srv/_SetForceTorqueCollisionBehavior.py
Symlinking /home/stefan/ws_moveit/devel/lib/python3/dist-packages/franka_control/srv/__init__.py
Symlinking /home/stefan/ws_moveit/devel/lib/python3/dist-packages/franka_control/srv/_SetCartesianImpedance.py
Symlinking /home/stefan/ws_moveit/devel/lib/python3/dist-packages/franka_control/srv/_SetKFrame.py
Symlinking /home/stefan/ws_moveit/devel/lib/python3/dist-packages/franka_control/srv/_SetJointImpedance.py
Symlinking /home/stefan/ws_moveit/devel/lib/python3/dist-packages/franka_control/msg/_ErrorRecoveryResult.py
Symlinking /home/stefan/ws_moveit/devel/lib/python3/dist-packages/franka_control/msg/_ErrorRecoveryAction.py
Symlinking /home/stefan/ws_moveit/devel/lib/python3/dist-packages/franka_control/msg/_ErrorRecoveryActionFeedback.py
Symlinking /home/stefan/ws_moveit/devel/lib/python3/dist-packages/franka_control/msg/_ErrorRecoveryActionGoal.py
Symlinking /home/stefan/ws_moveit/devel/lib/python3/dist-packages/franka_control/msg/_ErrorRecoveryActionResult.py
Symlinking /home/stefan/ws_moveit/devel/lib/python3/dist-packages/franka_control/msg/__init__.py
Symlinking /home/stefan/ws_moveit/devel/lib/python3/dist-packages/franka_control/msg/_ErrorRecoveryGoal.py
Symlinking /home/stefan/ws_moveit/devel/lib/python3/dist-packages/franka_control/msg/_ErrorRecoveryFeedback.py
Symlinking /home/stefan/ws_moveit/devel/lib/pkgconfig/franka_control.pc
Symlinking /home/stefan/ws_moveit/devel/lib/franka_control/franka_control_node
Symlinking /home/stefan/ws_moveit/devel/include/franka_control/SetJointImpedanceResponse.h
Symlinking /home/stefan/ws_moveit/devel/include/franka_control/ErrorRecoveryActionGoal.h
Symlinking /home/stefan/ws_moveit/devel/include/franka_control/SetCartesianImpedanceRequest.h
Symlinking /home/stefan/ws_moveit/devel/include/franka_control/ErrorRecoveryAction.h
Symlinking /home/stefan/ws_moveit/devel/include/franka_control/SetEEFrameResponse.h
Symlinking /home/stefan/ws_moveit/devel/include/franka_control/SetEEFrameRequest.h
Symlinking /home/stefan/ws_moveit/devel/include/franka_control/SetCartesianImpedance.h
Symlinking /home/stefan/ws_moveit/devel/include/franka_control/SetKFrame.h
Symlinking /home/stefan/ws_moveit/devel/include/franka_control/ErrorRecoveryFeedback.h
Symlinking /home/stefan/ws_moveit/devel/include/franka_control/ErrorRecoveryActionFeedback.h
Symlinking /home/stefan/ws_moveit/devel/include/franka_control/SetFullCollisionBehaviorResponse.h
Symlinking /home/stefan/ws_moveit/devel/include/franka_control/SetEEFrame.h
Symlinking /home/stefan/ws_moveit/devel/include/franka_control/SetFullCollisionBehavior.h
Symlinking /home/stefan/ws_moveit/devel/include/franka_control/SetCartesianImpedanceResponse.h
Symlinking /home/stefan/ws_moveit/devel/include/franka_control/SetFullCollisionBehaviorRequest.h
Symlinking /home/stefan/ws_moveit/devel/include/franka_control/SetLoadResponse.h
Symlinking /home/stefan/ws_moveit/devel/include/franka_control/SetLoad.h
Symlinking /home/stefan/ws_moveit/devel/include/franka_control/ErrorRecoveryActionResult.h
Symlinking /home/stefan/ws_moveit/devel/include/franka_control/SetKFrameResponse.h
Symlinking /home/stefan/ws_moveit/devel/include/franka_control/SetJointImpedanceRequest.h
Symlinking /home/stefan/ws_moveit/devel/include/franka_control/SetForceTorqueCollisionBehaviorResponse.h
Symlinking /home/stefan/ws_moveit/devel/include/franka_control/ErrorRecoveryGoal.h
Symlinking /home/stefan/ws_moveit/devel/include/franka_control/SetForceTorqueCollisionBehavior.h
Symlinking /home/stefan/ws_moveit/devel/include/franka_control/SetLoadRequest.h
Symlinking /home/stefan/ws_moveit/devel/include/franka_control/SetKFrameRequest.h
Symlinking /home/stefan/ws_moveit/devel/include/franka_control/SetJointImpedance.h
Symlinking /home/stefan/ws_moveit/devel/include/franka_control/SetForceTorqueCollisionBehaviorRequest.h
Symlinking /home/stefan/ws_moveit/devel/include/franka_control/ErrorRecoveryResult.h
Symlinking /home/stefan/ws_moveit/devel/share/roseus/ros/franka_control/manifest.l
Symlinking /home/stefan/ws_moveit/devel/share/roseus/ros/franka_control/srv/SetCartesianImpedance.l
Symlinking /home/stefan/ws_moveit/devel/share/roseus/ros/franka_control/srv/SetLoad.l
Symlinking /home/stefan/ws_moveit/devel/share/roseus/ros/franka_control/srv/SetForceTorqueCollisionBehavior.l
Symlinking /home/stefan/ws_moveit/devel/share/roseus/ros/franka_control/srv/SetKFrame.l
Symlinking /home/stefan/ws_moveit/devel/share/roseus/ros/franka_control/srv/SetEEFrame.l
Symlinking /home/stefan/ws_moveit/devel/share/roseus/ros/franka_control/srv/SetFullCollisionBehavior.l
Symlinking /home/stefan/ws_moveit/devel/share/roseus/ros/franka_control/srv/SetJointImpedance.l
Symlinking /home/stefan/ws_moveit/devel/share/roseus/ros/franka_control/msg/ErrorRecoveryActionGoal.l
Symlinking /home/stefan/ws_moveit/devel/share/roseus/ros/franka_control/msg/ErrorRecoveryActionResult.l
Symlinking /home/stefan/ws_moveit/devel/share/roseus/ros/franka_control/msg/ErrorRecoveryActionFeedback.l
Symlinking /home/stefan/ws_moveit/devel/share/roseus/ros/franka_control/msg/ErrorRecoveryResult.l
Symlinking /home/stefan/ws_moveit/devel/share/roseus/ros/franka_control/msg/ErrorRecoveryFeedback.l
Symlinking /home/stefan/ws_moveit/devel/share/roseus/ros/franka_control/msg/ErrorRecoveryGoal.l
Symlinking /home/stefan/ws_moveit/devel/share/roseus/ros/franka_control/msg/ErrorRecoveryAction.l
Symlinking /home/stefan/ws_moveit/devel/share/gennodejs/ros/franka_control/_index.js
Symlinking /home/stefan/ws_moveit/devel/share/gennodejs/ros/franka_control/srv/_index.js
Symlinking /home/stefan/ws_moveit/devel/share/gennodejs/ros/franka_control/srv/SetForceTorqueCollisionBehavior.js
Symlinking /home/stefan/ws_moveit/devel/share/gennodejs/ros/franka_control/srv/SetCartesianImpedance.js
Symlinking /home/stefan/ws_moveit/devel/share/gennodejs/ros/franka_control/srv/SetJointImpedance.js
Symlinking /home/stefan/ws_moveit/devel/share/gennodejs/ros/franka_control/srv/SetKFrame.js
Symlinking /home/stefan/ws_moveit/devel/share/gennodejs/ros/franka_control/srv/SetFullCollisionBehavior.js
Symlinking /home/stefan/ws_moveit/devel/share/gennodejs/ros/franka_control/srv/SetEEFrame.js
Symlinking /home/stefan/ws_moveit/devel/share/gennodejs/ros/franka_control/srv/SetLoad.js
Symlinking /home/stefan/ws_moveit/devel/share/gennodejs/ros/franka_control/msg/ErrorRecoveryActionGoal.js
Symlinking /home/stefan/ws_moveit/devel/share/gennodejs/ros/franka_control/msg/ErrorRecoveryAction.js
Symlinking /home/stefan/ws_moveit/devel/share/gennodejs/ros/franka_control/msg/_index.js
Symlinking /home/stefan/ws_moveit/devel/share/gennodejs/ros/franka_control/msg/ErrorRecoveryFeedback.js
Symlinking /home/stefan/ws_moveit/devel/share/gennodejs/ros/franka_control/msg/ErrorRecoveryActionFeedback.js
Symlinking /home/stefan/ws_moveit/devel/share/gennodejs/ros/franka_control/msg/ErrorRecoveryActionResult.js
Symlinking /home/stefan/ws_moveit/devel/share/gennodejs/ros/franka_control/msg/ErrorRecoveryGoal.js
Symlinking /home/stefan/ws_moveit/devel/share/gennodejs/ros/franka_control/msg/ErrorRecoveryResult.js
Symlinking /home/stefan/ws_moveit/devel/share/franka_control/cmake/franka_control-msg-paths.cmake
Symlinking /home/stefan/ws_moveit/devel/share/franka_control/cmake/franka_controlConfig.cmake
Symlinking /home/stefan/ws_moveit/devel/share/franka_control/cmake/franka_control-msg-extras.cmake
Symlinking /home/stefan/ws_moveit/devel/share/franka_control/cmake/franka_controlConfig-version.cmake
Symlinking /home/stefan/ws_moveit/devel/share/franka_control/msg/ErrorRecoveryFeedback.msg
Symlinking /home/stefan/ws_moveit/devel/share/franka_control/msg/ErrorRecoveryActionResult.msg
Symlinking /home/stefan/ws_moveit/devel/share/franka_control/msg/ErrorRecoveryResult.msg
Symlinking /home/stefan/ws_moveit/devel/share/franka_control/msg/ErrorRecoveryAction.msg
Symlinking /home/stefan/ws_moveit/devel/share/franka_control/msg/ErrorRecoveryGoal.msg
Symlinking /home/stefan/ws_moveit/devel/share/franka_control/msg/ErrorRecoveryActionGoal.msg
Symlinking /home/stefan/ws_moveit/devel/share/franka_control/msg/ErrorRecoveryActionFeedback.msg
Symlinking /home/stefan/ws_moveit/devel/share/common-lisp/ros/franka_control/srv/SetLoad.lisp
Symlinking /home/stefan/ws_moveit/devel/share/common-lisp/ros/franka_control/srv/SetJointImpedance.lisp
Symlinking /home/stefan/ws_moveit/devel/share/common-lisp/ros/franka_control/srv/SetFullCollisionBehavior.lisp
Symlinking /home/stefan/ws_moveit/devel/share/common-lisp/ros/franka_control/srv/_package_SetJointImpedance.lisp
Symlinking /home/stefan/ws_moveit/devel/share/common-lisp/ros/franka_control/srv/_package_SetLoad.lisp
Symlinking /home/stefan/ws_moveit/devel/share/common-lisp/ros/franka_control/srv/_package_SetForceTorqueCollisionBehavior.lisp
Symlinking /home/stefan/ws_moveit/devel/share/common-lisp/ros/franka_control/srv/_package_SetFullCollisionBehavior.lisp
Symlinking /home/stefan/ws_moveit/devel/share/common-lisp/ros/franka_control/srv/franka_control-srv.asd
Symlinking /home/stefan/ws_moveit/devel/share/common-lisp/ros/franka_control/srv/_package_SetEEFrame.lisp
Symlinking /home/stefan/ws_moveit/devel/share/common-lisp/ros/franka_control/srv/_package_SetCartesianImpedance.lisp
Symlinking /home/stefan/ws_moveit/devel/share/common-lisp/ros/franka_control/srv/SetEEFrame.lisp
Symlinking /home/stefan/ws_moveit/devel/share/common-lisp/ros/franka_control/srv/_package_SetKFrame.lisp
Symlinking /home/stefan/ws_moveit/devel/share/common-lisp/ros/franka_control/srv/_package.lisp
Symlinking /home/stefan/ws_moveit/devel/share/common-lisp/ros/franka_control/srv/SetForceTorqueCollisionBehavior.lisp
Symlinking /home/stefan/ws_moveit/devel/share/common-lisp/ros/franka_control/srv/SetKFrame.lisp
Symlinking /home/stefan/ws_moveit/devel/share/common-lisp/ros/franka_control/srv/SetCartesianImpedance.lisp
Symlinking /home/stefan/ws_moveit/devel/share/common-lisp/ros/franka_control/msg/_package_ErrorRecoveryResult.lisp
Symlinking /home/stefan/ws_moveit/devel/share/common-lisp/ros/franka_control/msg/_package_ErrorRecoveryActionFeedback.lisp
Symlinking /home/stefan/ws_moveit/devel/share/common-lisp/ros/franka_control/msg/ErrorRecoveryResult.lisp
Symlinking /home/stefan/ws_moveit/devel/share/common-lisp/ros/franka_control/msg/ErrorRecoveryAction.lisp
Symlinking /home/stefan/ws_moveit/devel/share/common-lisp/ros/franka_control/msg/ErrorRecoveryActionGoal.lisp
Symlinking /home/stefan/ws_moveit/devel/share/common-lisp/ros/franka_control/msg/ErrorRecoveryFeedback.lisp
Symlinking /home/stefan/ws_moveit/devel/share/common-lisp/ros/franka_control/msg/ErrorRecoveryActionResult.lisp
Symlinking /home/stefan/ws_moveit/devel/share/common-lisp/ros/franka_control/msg/ErrorRecoveryActionFeedback.lisp
Symlinking /home/stefan/ws_moveit/devel/share/common-lisp/ros/franka_control/msg/franka_control-msg.asd
Symlinking /home/stefan/ws_moveit/devel/share/common-lisp/ros/franka_control/msg/_package_ErrorRecoveryActionGoal.lisp
Symlinking /home/stefan/ws_moveit/devel/share/common-lisp/ros/franka_control/msg/_package_ErrorRecoveryFeedback.lisp
Symlinking /home/stefan/ws_moveit/devel/share/common-lisp/ros/franka_control/msg/_package_ErrorRecoveryAction.lisp
Symlinking /home/stefan/ws_moveit/devel/share/common-lisp/ros/franka_control/msg/ErrorRecoveryGoal.lisp
Symlinking /home/stefan/ws_moveit/devel/share/common-lisp/ros/franka_control/msg/_package.lisp
Symlinking /home/stefan/ws_moveit/devel/share/common-lisp/ros/franka_control/msg/_package_ErrorRecoveryActionResult.lisp
Symlinking /home/stefan/ws_moveit/devel/share/common-lisp/ros/franka_control/msg/_package_ErrorRecoveryGoal.lisp
