[  1%] [34m[1mGenerating dynamic reconfigure files from planning_scene_monitor/cfg/PlanningSceneMonitorDynamicReconfigure.cfg: /home/stefan/ws_moveit/devel/.private/moveit_ros_planning/include/moveit_ros_planning/PlanningSceneMonitorDynamicReconfigureConfig.h /home/stefan/ws_moveit/devel/.private/moveit_ros_planning/lib/python3/dist-packages/moveit_ros_planning/cfg/PlanningSceneMonitorDynamicReconfigureConfig.py[0m
[  5%] Built target moveit_rdf_loader
[  8%] Built target moveit_collision_plugin_loader
[ 11%] Built target moveit_constraint_sampler_manager_loader
[ 15%] Built target moveit_planning_pipeline
[ 18%] Built target moveit_list_request_adapter_plugins
[ 18%] Built target dynamic_reconfigure_gencfg
Generating reconfiguration files for PlanningSceneMonitorDynamicReconfigure in moveit_ros_planning
[ 18%] Built target dynamic_reconfigure_generate_messages_cpp
Wrote header file in /home/stefan/ws_moveit/devel/.private/moveit_ros_planning/include/moveit_ros_planning/PlanningSceneMonitorDynamicReconfigureConfig.h
[ 35%] Built target moveit_default_planning_request_adapter_plugins
[ 35%] Built target actionlib_generate_messages_py
[ 35%] Built target actionlib_generate_messages_nodejs
[ 36%] [34m[1mGenerating dynamic reconfigure files from trajectory_execution_manager/cfg/TrajectoryExecutionDynamicReconfigure.cfg: /home/stefan/ws_moveit/devel/.private/moveit_ros_planning/include/moveit_ros_planning/TrajectoryExecutionDynamicReconfigureConfig.h /home/stefan/ws_moveit/devel/.private/moveit_ros_planning/lib/python3/dist-packages/moveit_ros_planning/cfg/TrajectoryExecutionDynamicReconfigureConfig.py[0m
[ 36%] Built target actionlib_generate_messages_cpp
[ 36%] Built target dynamic_reconfigure_generate_messages_nodejs
[ 36%] Built target tf2_msgs_generate_messages_py
[ 36%] Built target tf2_msgs_generate_messages_lisp
[ 36%] Built target dynamic_reconfigure_generate_messages_lisp
[ 36%] Built target tf2_msgs_generate_messages_cpp
[ 36%] Built target octomap_msgs_generate_messages_py
[ 36%] Built target octomap_msgs_generate_messages_nodejs
[ 36%] Built target octomap_msgs_generate_messages_lisp
[ 36%] Built target octomap_msgs_generate_messages_cpp
[ 36%] Built target roscpp_generate_messages_eus
[ 36%] Built target visualization_msgs_generate_messages_nodejs
[ 36%] Built target object_recognition_msgs_generate_messages_nodejs
Generating reconfiguration files for TrajectoryExecutionDynamicReconfigure in moveit_ros_planning
Wrote header file in /home/stefan/ws_moveit/devel/.private/moveit_ros_planning/include/moveit_ros_planning/TrajectoryExecutionDynamicReconfigureConfig.h
[ 38%] [34m[1mGenerating dynamic reconfigure files from plan_execution/cfg/PlanExecutionDynamicReconfigure.cfg: /home/stefan/ws_moveit/devel/.private/moveit_ros_planning/include/moveit_ros_planning/PlanExecutionDynamicReconfigureConfig.h /home/stefan/ws_moveit/devel/.private/moveit_ros_planning/lib/python3/dist-packages/moveit_ros_planning/cfg/PlanExecutionDynamicReconfigureConfig.py[0m
[ 38%] Built target visualization_msgs_generate_messages_lisp
[ 38%] Built target dynamic_reconfigure_generate_messages_eus
[ 40%] [34m[1mGenerating dynamic reconfigure files from plan_execution/cfg/SenseForPlanDynamicReconfigure.cfg: /home/stefan/ws_moveit/devel/.private/moveit_ros_planning/include/moveit_ros_planning/SenseForPlanDynamicReconfigureConfig.h /home/stefan/ws_moveit/devel/.private/moveit_ros_planning/lib/python3/dist-packages/moveit_ros_planning/cfg/SenseForPlanDynamicReconfigureConfig.py[0m
[ 40%] Built target geometry_msgs_generate_messages_nodejs
[ 40%] Built target visualization_msgs_generate_messages_eus
[ 40%] Built target geometry_msgs_generate_messages_cpp
[ 40%] Built target moveit_msgs_generate_messages_py
[ 40%] Built target object_recognition_msgs_generate_messages_lisp
[ 40%] Built target actionlib_msgs_generate_messages_cpp
Generating reconfiguration files for PlanExecutionDynamicReconfigure in moveit_ros_planning
Wrote header file in /home/stefan/ws_moveit/devel/.private/moveit_ros_planning/include/moveit_ros_planning/PlanExecutionDynamicReconfigureConfig.h
Generating reconfiguration files for SenseForPlanDynamicReconfigure in moveit_ros_planning
[ 40%] Built target octomap_msgs_generate_messages_eus
[ 40%] Built target object_recognition_msgs_generate_messages_cpp
Wrote header file in /home/stefan/ws_moveit/devel/.private/moveit_ros_planning/include/moveit_ros_planning/SenseForPlanDynamicReconfigureConfig.h
[ 40%] Built target std_msgs_generate_messages_py
[ 40%] Built target std_msgs_generate_messages_nodejs
[ 40%] Built target geometry_msgs_generate_messages_eus
[ 40%] Built target roscpp_generate_messages_cpp
[ 40%] Built target geometry_msgs_generate_messages_py
[ 40%] Built target moveit_ros_planning_gencfg
[ 40%] Built target tf2_msgs_generate_messages_eus
[ 40%] Built target moveit_msgs_generate_messages_eus
[ 40%] Built target roscpp_generate_messages_nodejs
[ 40%] Built target sensor_msgs_generate_messages_py
[ 40%] Built target geometry_msgs_generate_messages_lisp
[ 40%] Built target visualization_msgs_generate_messages_py
[ 40%] Built target actionlib_generate_messages_lisp
[ 40%] Built target shape_msgs_generate_messages_cpp
[ 40%] Built target roscpp_generate_messages_lisp
[ 40%] Built target std_msgs_generate_messages_lisp
[ 40%] Built target _catkin_empty_exported_target
[ 40%] Built target tf2_msgs_generate_messages_nodejs
[ 40%] Built target moveit_msgs_generate_messages_lisp
[ 40%] Built target rosgraph_msgs_generate_messages_lisp
[ 40%] Built target dynamic_reconfigure_generate_messages_py
[ 40%] Built target shape_msgs_generate_messages_eus
[ 40%] Built target actionlib_msgs_generate_messages_eus
[ 40%] Built target rosgraph_msgs_generate_messages_py
[ 40%] Built target std_msgs_generate_messages_cpp
[ 40%] Built target shape_msgs_generate_messages_py
[ 40%] Built target shape_msgs_generate_messages_nodejs
[ 40%] Built target actionlib_generate_messages_eus
[ 40%] Built target trajectory_msgs_generate_messages_py
[ 40%] Built target rosgraph_msgs_generate_messages_eus
[ 40%] Built target rosgraph_msgs_generate_messages_cpp
[ 40%] Built target object_recognition_msgs_generate_messages_py
[ 40%] Built target rosgraph_msgs_generate_messages_nodejs
[ 40%] Built target moveit_msgs_generate_messages_cpp
[ 40%] Built target actionlib_msgs_generate_messages_py
[ 40%] Built target moveit_msgs_generate_messages_nodejs
[ 40%] Built target actionlib_msgs_generate_messages_lisp
[ 40%] Built target std_msgs_generate_messages_eus
[ 40%] Built target actionlib_msgs_generate_messages_nodejs
[ 40%] Built target trajectory_msgs_generate_messages_cpp
[ 40%] Built target visualization_msgs_generate_messages_cpp
[ 40%] Built target sensor_msgs_generate_messages_cpp
[ 40%] Built target sensor_msgs_generate_messages_eus
[ 40%] Built target sensor_msgs_generate_messages_lisp
[ 40%] Built target sensor_msgs_generate_messages_nodejs
[ 40%] Built target roscpp_generate_messages_py
[ 40%] Built target trajectory_msgs_generate_messages_eus
[ 40%] Built target trajectory_msgs_generate_messages_nodejs
[ 40%] Built target trajectory_msgs_generate_messages_lisp
[ 40%] Built target shape_msgs_generate_messages_lisp
[ 40%] Built target object_recognition_msgs_generate_messages_eus
[ 43%] Built target moveit_kinematics_plugin_loader
[ 46%] Built target moveit_robot_model_loader
[35m[1mScanning dependencies of target moveit_planning_scene_monitor[0m
[ 50%] Built target moveit_print_planning_model_info
[ 53%] Built target moveit_evaluate_state_operations_speed
[ 56%] Built target moveit_kinematics_speed_and_validity_evaluator
[ 58%] [32mBuilding CXX object planning_scene_monitor/CMakeFiles/moveit_planning_scene_monitor.dir/src/planning_scene_monitor.cpp.o[0m
[ 60%] [32m[1mLinking CXX shared library /home/stefan/ws_moveit/devel/.private/moveit_ros_planning/lib/libmoveit_planning_scene_monitor.so[0m
[ 63%] Built target moveit_planning_scene_monitor
[ 66%] [32m[1mLinking CXX executable /home/stefan/ws_moveit/devel/.private/moveit_ros_planning/lib/moveit_ros_planning/moveit_print_planning_scene_info[0m
[ 66%] [32m[1mLinking CXX executable /home/stefan/ws_moveit/devel/.private/moveit_ros_planning/lib/moveit_ros_planning/demo_scene[0m
[ 68%] [32m[1mLinking CXX executable /home/stefan/ws_moveit/devel/.private/moveit_ros_planning/lib/moveit_ros_planning/moveit_display_random_state[0m
[ 70%] [32m[1mLinking CXX executable /home/stefan/ws_moveit/devel/.private/moveit_ros_planning/lib/moveit_ros_planning/moveit_compare_collision_checking_speed_fcl_bullet[0m
[ 71%] Built target demo_scene
[ 73%] [32m[1mLinking CXX executable /home/stefan/ws_moveit/devel/.private/moveit_ros_planning/lib/moveit_ros_planning/moveit_visualize_robot_collision_volume[0m
[ 75%] Built target moveit_display_random_state
[ 76%] Built target moveit_print_planning_scene_info
[ 78%] [32m[1mLinking CXX executable /home/stefan/ws_moveit/devel/.private/moveit_ros_planning/lib/moveit_ros_planning/moveit_publish_scene_from_text[0m
[ 80%] [32m[1mLinking CXX executable /home/stefan/ws_moveit/devel/.private/moveit_ros_planning/lib/moveit_ros_planning/moveit_evaluate_collision_checking_speed[0m
[ 81%] Built target moveit_compare_collision_checking_speed_fcl_bullet
[35m[1mScanning dependencies of target moveit_trajectory_execution_manager[0m
[ 83%] [32mBuilding CXX object trajectory_execution_manager/CMakeFiles/moveit_trajectory_execution_manager.dir/src/trajectory_execution_manager.cpp.o[0m
[ 85%] Built target moveit_visualize_robot_collision_volume
[ 86%] Built target moveit_publish_scene_from_text
[ 88%] Built target moveit_evaluate_collision_checking_speed
[ 90%] [32m[1mLinking CXX shared library /home/stefan/ws_moveit/devel/.private/moveit_ros_planning/lib/libmoveit_trajectory_execution_manager.so[0m
[ 90%] Built target moveit_trajectory_execution_manager
[35m[1mScanning dependencies of target moveit_plan_execution[0m
[ 91%] [32m[1mLinking CXX shared library /home/stefan/ws_moveit/devel/.private/moveit_ros_planning/lib/libmoveit_cpp.so[0m
[ 93%] [32mBuilding CXX object plan_execution/CMakeFiles/moveit_plan_execution.dir/src/plan_with_sensing.cpp.o[0m
[ 95%] [32mBuilding CXX object plan_execution/CMakeFiles/moveit_plan_execution.dir/src/plan_execution.cpp.o[0m
[ 98%] Built target moveit_cpp
[100%] [32m[1mLinking CXX shared library /home/stefan/ws_moveit/devel/.private/moveit_ros_planning/lib/libmoveit_plan_execution.so[0m
[100%] Built target moveit_plan_execution
