[  6%] Built target moveit_ros_planning_gencfg
[ 10%] Built target moveit_rdf_loader
[ 13%] Built target moveit_collision_plugin_loader
[ 16%] Built target moveit_planning_pipeline
[ 20%] Built target moveit_constraint_sampler_manager_loader
[ 23%] Built target moveit_list_request_adapter_plugins
[ 23%] Built target dynamic_reconfigure_gencfg
[ 23%] Built target dynamic_reconfigure_generate_messages_cpp
[ 40%] Built target moveit_default_planning_request_adapter_plugins
[ 40%] Built target actionlib_generate_messages_py
[ 40%] Built target actionlib_generate_messages_nodejs
[ 40%] Built target actionlib_generate_messages_cpp
[ 40%] Built target dynamic_reconfigure_generate_messages_nodejs
[ 40%] Built target tf2_msgs_generate_messages_py
[ 40%] Built target dynamic_reconfigure_generate_messages_lisp
[ 40%] Built target tf2_msgs_generate_messages_lisp
[ 40%] Built target tf2_msgs_generate_messages_cpp
[ 40%] Built target octomap_msgs_generate_messages_py
[ 40%] Built target octomap_msgs_generate_messages_lisp
[ 40%] Built target octomap_msgs_generate_messages_nodejs
[ 40%] Built target octomap_msgs_generate_messages_cpp
[ 40%] Built target object_recognition_msgs_generate_messages_nodejs
[ 40%] Built target roscpp_generate_messages_eus
[ 40%] Built target visualization_msgs_generate_messages_nodejs
[ 40%] Built target dynamic_reconfigure_generate_messages_eus
[ 40%] Built target visualization_msgs_generate_messages_lisp
[ 40%] Built target geometry_msgs_generate_messages_nodejs
[ 40%] Built target visualization_msgs_generate_messages_eus
[ 40%] Built target geometry_msgs_generate_messages_cpp
[ 40%] Built target moveit_msgs_generate_messages_py
[ 40%] Built target object_recognition_msgs_generate_messages_lisp
[ 40%] Built target octomap_msgs_generate_messages_eus
[ 40%] Built target actionlib_msgs_generate_messages_cpp
[ 40%] Built target object_recognition_msgs_generate_messages_cpp
[ 40%] Built target std_msgs_generate_messages_nodejs
[ 40%] Built target geometry_msgs_generate_messages_eus
[ 40%] Built target std_msgs_generate_messages_py
[ 40%] Built target roscpp_generate_messages_cpp
[ 40%] Built target moveit_msgs_generate_messages_eus
[ 40%] Built target geometry_msgs_generate_messages_py
[ 40%] Built target tf2_msgs_generate_messages_eus
[ 40%] Built target sensor_msgs_generate_messages_py
[ 40%] Built target roscpp_generate_messages_nodejs
[ 40%] Built target geometry_msgs_generate_messages_lisp
[ 40%] Built target visualization_msgs_generate_messages_py
[ 40%] Built target actionlib_generate_messages_lisp
[ 40%] Built target shape_msgs_generate_messages_cpp
[ 40%] Built target roscpp_generate_messages_lisp
[ 40%] Built target _catkin_empty_exported_target
[ 40%] Built target std_msgs_generate_messages_lisp
[ 40%] Built target tf2_msgs_generate_messages_nodejs
[ 40%] Built target moveit_msgs_generate_messages_lisp
[ 40%] Built target rosgraph_msgs_generate_messages_lisp
[ 40%] Built target actionlib_msgs_generate_messages_eus
[ 40%] Built target dynamic_reconfigure_generate_messages_py
[ 40%] Built target shape_msgs_generate_messages_eus
[ 40%] Built target std_msgs_generate_messages_cpp
[ 40%] Built target shape_msgs_generate_messages_py
[ 40%] Built target shape_msgs_generate_messages_nodejs
[ 40%] Built target rosgraph_msgs_generate_messages_py
[ 40%] Built target actionlib_generate_messages_eus
[ 40%] Built target trajectory_msgs_generate_messages_py
[ 40%] Built target rosgraph_msgs_generate_messages_cpp
[ 40%] Built target rosgraph_msgs_generate_messages_eus
[ 40%] Built target object_recognition_msgs_generate_messages_py
[ 40%] Built target rosgraph_msgs_generate_messages_nodejs
[ 40%] Built target moveit_msgs_generate_messages_nodejs
[ 40%] Built target actionlib_msgs_generate_messages_py
[ 40%] Built target moveit_msgs_generate_messages_cpp
[ 40%] Built target std_msgs_generate_messages_eus
[ 40%] Built target actionlib_msgs_generate_messages_nodejs
[ 40%] Built target actionlib_msgs_generate_messages_lisp
[ 40%] Built target trajectory_msgs_generate_messages_cpp
[ 40%] Built target sensor_msgs_generate_messages_cpp
[ 40%] Built target visualization_msgs_generate_messages_cpp
[ 40%] Built target sensor_msgs_generate_messages_eus
[ 40%] Built target sensor_msgs_generate_messages_lisp
[ 40%] Built target sensor_msgs_generate_messages_nodejs
[ 40%] Built target roscpp_generate_messages_py
[ 40%] Built target trajectory_msgs_generate_messages_nodejs
[ 40%] Built target trajectory_msgs_generate_messages_eus
[ 40%] Built target shape_msgs_generate_messages_lisp
[ 40%] Built target trajectory_msgs_generate_messages_lisp
[ 40%] Built target object_recognition_msgs_generate_messages_eus
[ 43%] Built target moveit_kinematics_plugin_loader
[ 46%] Built target moveit_robot_model_loader
[ 50%] Built target moveit_kinematics_speed_and_validity_evaluator
[ 53%] Built target moveit_print_planning_model_info
[ 60%] Built target moveit_evaluate_state_operations_speed
[ 63%] Built target moveit_planning_scene_monitor
[ 65%] [32mBuilding CXX object planning_components_tools/CMakeFiles/moveit_print_planning_scene_info.dir/src/print_planning_scene_info.cpp.o[0m
[ 66%] [32mBuilding CXX object planning_scene_monitor/CMakeFiles/demo_scene.dir/demos/demo_scene.cpp.o[0m
[ 68%] [32mBuilding CXX object planning_components_tools/CMakeFiles/moveit_display_random_state.dir/src/display_random_state.cpp.o[0m
[ 70%] [32mBuilding CXX object planning_components_tools/CMakeFiles/moveit_compare_collision_checking_speed_fcl_bullet.dir/src/compare_collision_speed_checking_fcl_bullet.cpp.o[0m
[ 71%] [32m[1mLinking CXX executable /home/stefan/ws_moveit/devel/.private/moveit_ros_planning/lib/moveit_ros_planning/moveit_print_planning_scene_info[0m
[ 71%] Built target moveit_print_planning_scene_info
[35m[1mScanning dependencies of target moveit_visualize_robot_collision_volume[0m
[ 73%] [32m[1mLinking CXX executable /home/stefan/ws_moveit/devel/.private/moveit_ros_planning/lib/moveit_ros_planning/demo_scene[0m
[ 75%] [32mBuilding CXX object planning_components_tools/CMakeFiles/moveit_visualize_robot_collision_volume.dir/src/visualize_robot_collision_volume.cpp.o[0m
[ 75%] Built target demo_scene
[35m[1mScanning dependencies of target moveit_publish_scene_from_text[0m
[ 76%] [32m[1mLinking CXX executable /home/stefan/ws_moveit/devel/.private/moveit_ros_planning/lib/moveit_ros_planning/moveit_display_random_state[0m
[ 78%] [32mBuilding CXX object planning_components_tools/CMakeFiles/moveit_publish_scene_from_text.dir/src/publish_scene_from_text.cpp.o[0m
[ 78%] Built target moveit_display_random_state
[35m[1mScanning dependencies of target moveit_evaluate_collision_checking_speed[0m
[ 80%] [32mBuilding CXX object planning_components_tools/CMakeFiles/moveit_evaluate_collision_checking_speed.dir/src/evaluate_collision_checking_speed.cpp.o[0m
[ 81%] [32m[1mLinking CXX executable /home/stefan/ws_moveit/devel/.private/moveit_ros_planning/lib/moveit_ros_planning/moveit_compare_collision_checking_speed_fcl_bullet[0m
[ 81%] Built target moveit_compare_collision_checking_speed_fcl_bullet
[35m[1mScanning dependencies of target moveit_trajectory_execution_manager[0m
[ 83%] [32mBuilding CXX object trajectory_execution_manager/CMakeFiles/moveit_trajectory_execution_manager.dir/src/trajectory_execution_manager.cpp.o[0m
[ 85%] [32m[1mLinking CXX executable /home/stefan/ws_moveit/devel/.private/moveit_ros_planning/lib/moveit_ros_planning/moveit_visualize_robot_collision_volume[0m
[ 86%] [32m[1mLinking CXX executable /home/stefan/ws_moveit/devel/.private/moveit_ros_planning/lib/moveit_ros_planning/moveit_publish_scene_from_text[0m
[ 86%] Built target moveit_visualize_robot_collision_volume
[ 88%] [32m[1mLinking CXX executable /home/stefan/ws_moveit/devel/.private/moveit_ros_planning/lib/moveit_ros_planning/moveit_evaluate_collision_checking_speed[0m
[ 88%] Built target moveit_publish_scene_from_text
[ 88%] Built target moveit_evaluate_collision_checking_speed
[ 90%] [32m[1mLinking CXX shared library /home/stefan/ws_moveit/devel/.private/moveit_ros_planning/lib/libmoveit_trajectory_execution_manager.so[0m
[ 90%] Built target moveit_trajectory_execution_manager
[35m[1mScanning dependencies of target moveit_cpp[0m
[35m[1mScanning dependencies of target moveit_plan_execution[0m
[ 93%] [32mBuilding CXX object plan_execution/CMakeFiles/moveit_plan_execution.dir/src/plan_with_sensing.cpp.o[0m
[ 93%] [32mBuilding CXX object plan_execution/CMakeFiles/moveit_plan_execution.dir/src/plan_execution.cpp.o[0m
[ 95%] [32mBuilding CXX object moveit_cpp/CMakeFiles/moveit_cpp.dir/src/planning_component.cpp.o[0m
[ 96%] [32mBuilding CXX object moveit_cpp/CMakeFiles/moveit_cpp.dir/src/moveit_cpp.cpp.o[0m
[ 98%] [32m[1mLinking CXX shared library /home/stefan/ws_moveit/devel/.private/moveit_ros_planning/lib/libmoveit_cpp.so[0m
[ 98%] Built target moveit_cpp
[100%] [32m[1mLinking CXX shared library /home/stefan/ws_moveit/devel/.private/moveit_ros_planning/lib/libmoveit_plan_execution.so[0m
[100%] Built target moveit_plan_execution
