[  1%] [34m[1mAutomatic MOC for target moveit_rviz_plugin_render_tools[0m
[  1%] Built target moveit_rviz_plugin_render_tools_autogen
[ 18%] Built target moveit_rviz_plugin_render_tools
[ 20%] [34m[1mAutomatic MOC for target moveit_robot_state_rviz_plugin_core[0m
[ 20%] Built target moveit_robot_state_rviz_plugin_core_autogen
[ 21%] [34m[1mAutomatic MOC for target moveit_planning_scene_rviz_plugin_core[0m
[ 21%] Built target moveit_planning_scene_rviz_plugin_core_autogen
[ 27%] Built target moveit_robot_state_rviz_plugin_core
[ 32%] Built target moveit_planning_scene_rviz_plugin_core
[ 34%] [34m[1mAutomatic MOC for target moveit_robot_state_rviz_plugin[0m
[ 34%] Built target moveit_robot_state_rviz_plugin_autogen
[ 36%] [34m[1mAutomatic MOC for target moveit_planning_scene_rviz_plugin[0m
[ 36%] Built target moveit_planning_scene_rviz_plugin_autogen
[ 38%] [34m[1mAutomatic MOC for target moveit_motion_planning_rviz_plugin_core[0m
[ 38%] Built target moveit_motion_planning_rviz_plugin_core_autogen
[ 40%] [34m[1mAutomatic MOC for target moveit_trajectory_rviz_plugin_core[0m
[ 40%] Built target moveit_trajectory_rviz_plugin_core_autogen
[ 45%] Built target moveit_robot_state_rviz_plugin
[ 50%] Built target moveit_planning_scene_rviz_plugin
[ 52%] [32mBuilding CXX object motion_planning_rviz_plugin/CMakeFiles/moveit_motion_planning_rviz_plugin_core.dir/moveit_motion_planning_rviz_plugin_core_autogen/mocs_compilation.cpp.o[0m
[ 54%] [32mBuilding CXX object motion_planning_rviz_plugin/CMakeFiles/moveit_motion_planning_rviz_plugin_core.dir/src/motion_planning_frame.cpp.o[0m
[ 56%] [32mBuilding CXX object motion_planning_rviz_plugin/CMakeFiles/moveit_motion_planning_rviz_plugin_core.dir/src/motion_planning_frame_context.cpp.o[0m
[ 58%] [32mBuilding CXX object motion_planning_rviz_plugin/CMakeFiles/moveit_motion_planning_rviz_plugin_core.dir/src/motion_planning_frame_planning.cpp.o[0m
[ 60%] [32mBuilding CXX object motion_planning_rviz_plugin/CMakeFiles/moveit_motion_planning_rviz_plugin_core.dir/src/motion_planning_frame_objects.cpp.o[0m
[ 61%] [32mBuilding CXX object motion_planning_rviz_plugin/CMakeFiles/moveit_motion_planning_rviz_plugin_core.dir/src/motion_planning_frame_scenes.cpp.o[0m
[ 63%] [32mBuilding CXX object motion_planning_rviz_plugin/CMakeFiles/moveit_motion_planning_rviz_plugin_core.dir/src/motion_planning_frame_states.cpp.o[0m
[ 65%] [32mBuilding CXX object motion_planning_rviz_plugin/CMakeFiles/moveit_motion_planning_rviz_plugin_core.dir/src/motion_planning_frame_joints_widget.cpp.o[0m
[ 67%] [32mBuilding CXX object motion_planning_rviz_plugin/CMakeFiles/moveit_motion_planning_rviz_plugin_core.dir/src/motion_planning_display.cpp.o[0m
[ 69%] [32mBuilding CXX object motion_planning_rviz_plugin/CMakeFiles/moveit_motion_planning_rviz_plugin_core.dir/src/motion_planning_frame_manipulation.cpp.o[0m
[ 70%] [32mBuilding CXX object motion_planning_rviz_plugin/CMakeFiles/moveit_motion_planning_rviz_plugin_core.dir/src/motion_planning_param_widget.cpp.o[0m
[ 72%] [32mBuilding CXX object motion_planning_rviz_plugin/CMakeFiles/moveit_motion_planning_rviz_plugin_core.dir/moveit_motion_planning_rviz_plugin_core_autogen/2OST2OT5Q2/qrc_icons.cpp.o[0m
[ 74%] [32m[1mLinking CXX shared library /home/stefan/ws_moveit/devel/.private/moveit_ros_visualization/lib/libmoveit_motion_planning_rviz_plugin_core.so[0m
[ 80%] Built target moveit_motion_planning_rviz_plugin_core
[ 85%] Built target moveit_trajectory_rviz_plugin_core
[35m[1mScanning dependencies of target moveit_motion_planning_rviz_plugin_autogen[0m
[ 87%] [34m[1mAutomatic MOC for target moveit_motion_planning_rviz_plugin[0m
[ 87%] Built target moveit_motion_planning_rviz_plugin_autogen
[35m[1mScanning dependencies of target moveit_trajectory_rviz_plugin_autogen[0m
[ 89%] [34m[1mAutomatic MOC for target moveit_trajectory_rviz_plugin[0m
[ 89%] Built target moveit_trajectory_rviz_plugin_autogen
[35m[1mScanning dependencies of target moveit_motion_planning_rviz_plugin[0m
[ 90%] [32mBuilding CXX object motion_planning_rviz_plugin/CMakeFiles/moveit_motion_planning_rviz_plugin.dir/moveit_motion_planning_rviz_plugin_autogen/mocs_compilation.cpp.o[0m
[ 92%] [32mBuilding CXX object motion_planning_rviz_plugin/CMakeFiles/moveit_motion_planning_rviz_plugin.dir/src/plugin_init.cpp.o[0m
[35m[1mScanning dependencies of target moveit_trajectory_rviz_plugin[0m
[ 94%] [32mBuilding CXX object trajectory_rviz_plugin/CMakeFiles/moveit_trajectory_rviz_plugin.dir/moveit_trajectory_rviz_plugin_autogen/mocs_compilation.cpp.o[0m
[ 96%] [32mBuilding CXX object trajectory_rviz_plugin/CMakeFiles/moveit_trajectory_rviz_plugin.dir/src/plugin_init.cpp.o[0m
[ 98%] [32m[1mLinking CXX shared library /home/stefan/ws_moveit/devel/.private/moveit_ros_visualization/lib/libmoveit_trajectory_rviz_plugin.so[0m
[ 98%] Built target moveit_trajectory_rviz_plugin
[100%] [32m[1mLinking CXX shared library /home/stefan/ws_moveit/devel/.private/moveit_ros_visualization/lib/libmoveit_motion_planning_rviz_plugin.so[0m
[100%] Built target moveit_motion_planning_rviz_plugin
