Symlinking /home/stefan/ws_moveit/devel/lib/libmoveit_trajectory_rviz_plugin.so
Symlinking /home/stefan/ws_moveit/devel/lib/libmoveit_planning_scene_rviz_plugin_core.so.1.1.4
Symlinking /home/stefan/ws_moveit/devel/lib/libmoveit_robot_state_rviz_plugin.so
Symlinking /home/stefan/ws_moveit/devel/lib/libmoveit_trajectory_rviz_plugin.so.1.1.4
Symlinking /home/stefan/ws_moveit/devel/lib/libmoveit_motion_planning_rviz_plugin.so.1.1.4
Symlinking /home/stefan/ws_moveit/devel/lib/libmoveit_motion_planning_rviz_plugin_core.so.1.1.4
Symlinking /home/stefan/ws_moveit/devel/lib/libmoveit_robot_state_rviz_plugin.so.1.1.4
Symlinking /home/stefan/ws_moveit/devel/lib/libmoveit_robot_state_rviz_plugin_core.so
Symlinking /home/stefan/ws_moveit/devel/lib/libmoveit_planning_scene_rviz_plugin.so
Symlinking /home/stefan/ws_moveit/devel/lib/libmoveit_robot_state_rviz_plugin_core.so.1.1.4
Symlinking /home/stefan/ws_moveit/devel/lib/libmoveit_trajectory_rviz_plugin_core.so.1.1.4
Symlinking /home/stefan/ws_moveit/devel/lib/libmoveit_planning_scene_rviz_plugin_core.so
Symlinking /home/stefan/ws_moveit/devel/lib/libmoveit_planning_scene_rviz_plugin.so.1.1.4
Symlinking /home/stefan/ws_moveit/devel/lib/libmoveit_rviz_plugin_render_tools.so.1.1.4
Symlinking /home/stefan/ws_moveit/devel/lib/libmoveit_trajectory_rviz_plugin_core.so
Symlinking /home/stefan/ws_moveit/devel/lib/libmoveit_motion_planning_rviz_plugin_core.so
Symlinking /home/stefan/ws_moveit/devel/lib/libmoveit_motion_planning_rviz_plugin.so
Symlinking /home/stefan/ws_moveit/devel/lib/libmoveit_rviz_plugin_render_tools.so
Symlinking /home/stefan/ws_moveit/devel/lib/moveit_ros_visualization/moveit_joy.py
Symlinking /home/stefan/ws_moveit/devel/lib/moveit_ros_visualization/cmake.lock
Symlinking /home/stefan/ws_moveit/devel/lib/python3/dist-packages/moveit_ros_visualization/__init__.py
Symlinking /home/stefan/ws_moveit/devel/lib/pkgconfig/moveit_ros_visualization.pc
Symlinking /home/stefan/ws_moveit/devel/share/moveit_ros_visualization/cmake/moveit_ros_visualizationConfig.cmake
Symlinking /home/stefan/ws_moveit/devel/share/moveit_ros_visualization/cmake/moveit_ros_visualizationConfig-version.cmake
