[  1%] [34m[1mAutomatic MOC for target moveit_rviz_plugin_render_tools[0m
[  1%] Built target moveit_rviz_plugin_render_tools_autogen
[  3%] [32m[1mLinking CXX shared library /home/stefan/ws_moveit/devel/.private/moveit_ros_visualization/lib/libmoveit_rviz_plugin_render_tools.so[0m
[ 18%] Built target moveit_rviz_plugin_render_tools
[ 21%] [34m[1mAutomatic MOC for target moveit_planning_scene_rviz_plugin_core[0m
[ 21%] [34m[1mAutomatic MOC for target moveit_robot_state_rviz_plugin_core[0m
[ 21%] Built target moveit_planning_scene_rviz_plugin_core_autogen
[ 21%] Built target moveit_robot_state_rviz_plugin_core_autogen
[ 23%] [32m[1mLinking CXX shared library /home/stefan/ws_moveit/devel/.private/moveit_ros_visualization/lib/libmoveit_robot_state_rviz_plugin_core.so[0m
[ 25%] [32m[1mLinking CXX shared library /home/stefan/ws_moveit/devel/.private/moveit_ros_visualization/lib/libmoveit_planning_scene_rviz_plugin_core.so[0m
[ 29%] Built target moveit_robot_state_rviz_plugin_core
[ 30%] [34m[1mAutomatic MOC for target moveit_robot_state_rviz_plugin[0m
[ 30%] Built target moveit_robot_state_rviz_plugin_autogen
[ 34%] Built target moveit_planning_scene_rviz_plugin_core
[ 36%] [32m[1mLinking CXX shared library /home/stefan/ws_moveit/devel/.private/moveit_ros_visualization/lib/libmoveit_robot_state_rviz_plugin.so[0m
[ 38%] [34m[1mAutomatic MOC for target moveit_motion_planning_rviz_plugin_core[0m
[ 40%] [34m[1mAutomatic MOC for target moveit_trajectory_rviz_plugin_core[0m
[ 41%] [34m[1mAutomatic MOC for target moveit_planning_scene_rviz_plugin[0m
[ 41%] Built target moveit_trajectory_rviz_plugin_core_autogen
[ 41%] Built target moveit_motion_planning_rviz_plugin_core_autogen
[ 41%] Built target moveit_planning_scene_rviz_plugin_autogen
[ 43%] [32m[1mLinking CXX shared library /home/stefan/ws_moveit/devel/.private/moveit_ros_visualization/lib/libmoveit_trajectory_rviz_plugin_core.so[0m
[ 45%] [32m[1mLinking CXX shared library /home/stefan/ws_moveit/devel/.private/moveit_ros_visualization/lib/libmoveit_planning_scene_rviz_plugin.so[0m
[ 47%] [32m[1mLinking CXX shared library /home/stefan/ws_moveit/devel/.private/moveit_ros_visualization/lib/libmoveit_motion_planning_rviz_plugin_core.so[0m
[ 50%] Built target moveit_robot_state_rviz_plugin
[ 54%] Built target moveit_planning_scene_rviz_plugin
[ 58%] Built target moveit_trajectory_rviz_plugin_core
[ 60%] [34m[1mAutomatic MOC for target moveit_trajectory_rviz_plugin[0m
[ 60%] Built target moveit_trajectory_rviz_plugin_autogen
[ 61%] [32m[1mLinking CXX shared library /home/stefan/ws_moveit/devel/.private/moveit_ros_visualization/lib/libmoveit_trajectory_rviz_plugin.so[0m
[ 65%] Built target moveit_trajectory_rviz_plugin
[ 92%] Built target moveit_motion_planning_rviz_plugin_core
[ 94%] [34m[1mAutomatic MOC for target moveit_motion_planning_rviz_plugin[0m
[ 94%] Built target moveit_motion_planning_rviz_plugin_autogen
[ 96%] [32m[1mLinking CXX shared library /home/stefan/ws_moveit/devel/.private/moveit_ros_visualization/lib/libmoveit_motion_planning_rviz_plugin.so[0m
[100%] Built target moveit_motion_planning_rviz_plugin
