Symlinking /home/stefan/ws_moveit/devel/lib/robotiq_2f_gripper_control/robotiq_2f_gripper_ethercat_node
Symlinking /home/stefan/ws_moveit/devel/lib/python3/dist-packages/robotiq_2f_gripper_control/__init__.py
Symlinking /home/stefan/ws_moveit/devel/lib/python3/dist-packages/robotiq_2f_gripper_control/msg/_Robotiq2FGripper_robot_input.py
Symlinking /home/stefan/ws_moveit/devel/lib/python3/dist-packages/robotiq_2f_gripper_control/msg/__init__.py
Symlinking /home/stefan/ws_moveit/devel/lib/python3/dist-packages/robotiq_2f_gripper_control/msg/_Robotiq2FGripper_robot_output.py
Symlinking /home/stefan/ws_moveit/devel/lib/pkgconfig/robotiq_2f_gripper_control.pc
Symlinking /home/stefan/ws_moveit/devel/include/robotiq_2f_gripper_control/Robotiq2FGripper_robot_output.h
Symlinking /home/stefan/ws_moveit/devel/include/robotiq_2f_gripper_control/Robotiq2FGripper_robot_input.h
Symlinking /home/stefan/ws_moveit/devel/share/roseus/ros/robotiq_2f_gripper_control/manifest.l
Symlinking /home/stefan/ws_moveit/devel/share/roseus/ros/robotiq_2f_gripper_control/msg/Robotiq2FGripper_robot_input.l
Symlinking /home/stefan/ws_moveit/devel/share/roseus/ros/robotiq_2f_gripper_control/msg/Robotiq2FGripper_robot_output.l
Symlinking /home/stefan/ws_moveit/devel/share/robotiq_2f_gripper_control/cmake/robotiq_2f_gripper_control-msg-paths.cmake
Symlinking /home/stefan/ws_moveit/devel/share/robotiq_2f_gripper_control/cmake/robotiq_2f_gripper_controlConfig-version.cmake
Symlinking /home/stefan/ws_moveit/devel/share/robotiq_2f_gripper_control/cmake/robotiq_2f_gripper_control-msg-extras.cmake
Symlinking /home/stefan/ws_moveit/devel/share/robotiq_2f_gripper_control/cmake/robotiq_2f_gripper_controlConfig.cmake
Symlinking /home/stefan/ws_moveit/devel/share/gennodejs/ros/robotiq_2f_gripper_control/_index.js
Symlinking /home/stefan/ws_moveit/devel/share/gennodejs/ros/robotiq_2f_gripper_control/msg/Robotiq2FGripper_robot_input.js
Symlinking /home/stefan/ws_moveit/devel/share/gennodejs/ros/robotiq_2f_gripper_control/msg/_index.js
Symlinking /home/stefan/ws_moveit/devel/share/gennodejs/ros/robotiq_2f_gripper_control/msg/Robotiq2FGripper_robot_output.js
Symlinking /home/stefan/ws_moveit/devel/share/common-lisp/ros/robotiq_2f_gripper_control/msg/Robotiq2FGripper_robot_output.lisp
Symlinking /home/stefan/ws_moveit/devel/share/common-lisp/ros/robotiq_2f_gripper_control/msg/_package_Robotiq2FGripper_robot_output.lisp
Symlinking /home/stefan/ws_moveit/devel/share/common-lisp/ros/robotiq_2f_gripper_control/msg/Robotiq2FGripper_robot_input.lisp
Symlinking /home/stefan/ws_moveit/devel/share/common-lisp/ros/robotiq_2f_gripper_control/msg/_package_Robotiq2FGripper_robot_input.lisp
Symlinking /home/stefan/ws_moveit/devel/share/common-lisp/ros/robotiq_2f_gripper_control/msg/_package.lisp
Symlinking /home/stefan/ws_moveit/devel/share/common-lisp/ros/robotiq_2f_gripper_control/msg/robotiq_2f_gripper_control-msg.asd
