Linked: (/home/stefan/ws_moveit/devel/.private/robotiq_2f_gripper_control/lib/robotiq_2f_gripper_control/robotiq_2f_gripper_ethercat_node, /home/stefan/ws_moveit/devel/lib/robotiq_2f_gripper_control/robotiq_2f_gripper_ethercat_node)
Linked: (/home/stefan/ws_moveit/devel/.private/robotiq_2f_gripper_control/lib/python3/dist-packages/robotiq_2f_gripper_control/__init__.py, /home/stefan/ws_moveit/devel/lib/python3/dist-packages/robotiq_2f_gripper_control/__init__.py)
Linked: (/home/stefan/ws_moveit/devel/.private/robotiq_2f_gripper_control/lib/python3/dist-packages/robotiq_2f_gripper_control/msg/_Robotiq2FGripper_robot_input.py, /home/stefan/ws_moveit/devel/lib/python3/dist-packages/robotiq_2f_gripper_control/msg/_Robotiq2FGripper_robot_input.py)
Linked: (/home/stefan/ws_moveit/devel/.private/robotiq_2f_gripper_control/lib/python3/dist-packages/robotiq_2f_gripper_control/msg/__init__.py, /home/stefan/ws_moveit/devel/lib/python3/dist-packages/robotiq_2f_gripper_control/msg/__init__.py)
Linked: (/home/stefan/ws_moveit/devel/.private/robotiq_2f_gripper_control/lib/python3/dist-packages/robotiq_2f_gripper_control/msg/_Robotiq2FGripper_robot_output.py, /home/stefan/ws_moveit/devel/lib/python3/dist-packages/robotiq_2f_gripper_control/msg/_Robotiq2FGripper_robot_output.py)
Linked: (/home/stefan/ws_moveit/devel/.private/robotiq_2f_gripper_control/lib/pkgconfig/robotiq_2f_gripper_control.pc, /home/stefan/ws_moveit/devel/lib/pkgconfig/robotiq_2f_gripper_control.pc)
Linked: (/home/stefan/ws_moveit/devel/.private/robotiq_2f_gripper_control/include/robotiq_2f_gripper_control/Robotiq2FGripper_robot_output.h, /home/stefan/ws_moveit/devel/include/robotiq_2f_gripper_control/Robotiq2FGripper_robot_output.h)
Linked: (/home/stefan/ws_moveit/devel/.private/robotiq_2f_gripper_control/include/robotiq_2f_gripper_control/Robotiq2FGripper_robot_input.h, /home/stefan/ws_moveit/devel/include/robotiq_2f_gripper_control/Robotiq2FGripper_robot_input.h)
Linked: (/home/stefan/ws_moveit/devel/.private/robotiq_2f_gripper_control/share/roseus/ros/robotiq_2f_gripper_control/manifest.l, /home/stefan/ws_moveit/devel/share/roseus/ros/robotiq_2f_gripper_control/manifest.l)
Linked: (/home/stefan/ws_moveit/devel/.private/robotiq_2f_gripper_control/share/roseus/ros/robotiq_2f_gripper_control/msg/Robotiq2FGripper_robot_input.l, /home/stefan/ws_moveit/devel/share/roseus/ros/robotiq_2f_gripper_control/msg/Robotiq2FGripper_robot_input.l)
Linked: (/home/stefan/ws_moveit/devel/.private/robotiq_2f_gripper_control/share/roseus/ros/robotiq_2f_gripper_control/msg/Robotiq2FGripper_robot_output.l, /home/stefan/ws_moveit/devel/share/roseus/ros/robotiq_2f_gripper_control/msg/Robotiq2FGripper_robot_output.l)
Linked: (/home/stefan/ws_moveit/devel/.private/robotiq_2f_gripper_control/share/robotiq_2f_gripper_control/cmake/robotiq_2f_gripper_control-msg-paths.cmake, /home/stefan/ws_moveit/devel/share/robotiq_2f_gripper_control/cmake/robotiq_2f_gripper_control-msg-paths.cmake)
Linked: (/home/stefan/ws_moveit/devel/.private/robotiq_2f_gripper_control/share/robotiq_2f_gripper_control/cmake/robotiq_2f_gripper_controlConfig-version.cmake, /home/stefan/ws_moveit/devel/share/robotiq_2f_gripper_control/cmake/robotiq_2f_gripper_controlConfig-version.cmake)
Linked: (/home/stefan/ws_moveit/devel/.private/robotiq_2f_gripper_control/share/robotiq_2f_gripper_control/cmake/robotiq_2f_gripper_control-msg-extras.cmake, /home/stefan/ws_moveit/devel/share/robotiq_2f_gripper_control/cmake/robotiq_2f_gripper_control-msg-extras.cmake)
Linked: (/home/stefan/ws_moveit/devel/.private/robotiq_2f_gripper_control/share/robotiq_2f_gripper_control/cmake/robotiq_2f_gripper_controlConfig.cmake, /home/stefan/ws_moveit/devel/share/robotiq_2f_gripper_control/cmake/robotiq_2f_gripper_controlConfig.cmake)
Linked: (/home/stefan/ws_moveit/devel/.private/robotiq_2f_gripper_control/share/gennodejs/ros/robotiq_2f_gripper_control/_index.js, /home/stefan/ws_moveit/devel/share/gennodejs/ros/robotiq_2f_gripper_control/_index.js)
Linked: (/home/stefan/ws_moveit/devel/.private/robotiq_2f_gripper_control/share/gennodejs/ros/robotiq_2f_gripper_control/msg/Robotiq2FGripper_robot_input.js, /home/stefan/ws_moveit/devel/share/gennodejs/ros/robotiq_2f_gripper_control/msg/Robotiq2FGripper_robot_input.js)
Linked: (/home/stefan/ws_moveit/devel/.private/robotiq_2f_gripper_control/share/gennodejs/ros/robotiq_2f_gripper_control/msg/_index.js, /home/stefan/ws_moveit/devel/share/gennodejs/ros/robotiq_2f_gripper_control/msg/_index.js)
Linked: (/home/stefan/ws_moveit/devel/.private/robotiq_2f_gripper_control/share/gennodejs/ros/robotiq_2f_gripper_control/msg/Robotiq2FGripper_robot_output.js, /home/stefan/ws_moveit/devel/share/gennodejs/ros/robotiq_2f_gripper_control/msg/Robotiq2FGripper_robot_output.js)
Linked: (/home/stefan/ws_moveit/devel/.private/robotiq_2f_gripper_control/share/common-lisp/ros/robotiq_2f_gripper_control/msg/Robotiq2FGripper_robot_output.lisp, /home/stefan/ws_moveit/devel/share/common-lisp/ros/robotiq_2f_gripper_control/msg/Robotiq2FGripper_robot_output.lisp)
Linked: (/home/stefan/ws_moveit/devel/.private/robotiq_2f_gripper_control/share/common-lisp/ros/robotiq_2f_gripper_control/msg/_package_Robotiq2FGripper_robot_output.lisp, /home/stefan/ws_moveit/devel/share/common-lisp/ros/robotiq_2f_gripper_control/msg/_package_Robotiq2FGripper_robot_output.lisp)
Linked: (/home/stefan/ws_moveit/devel/.private/robotiq_2f_gripper_control/share/common-lisp/ros/robotiq_2f_gripper_control/msg/Robotiq2FGripper_robot_input.lisp, /home/stefan/ws_moveit/devel/share/common-lisp/ros/robotiq_2f_gripper_control/msg/Robotiq2FGripper_robot_input.lisp)
Linked: (/home/stefan/ws_moveit/devel/.private/robotiq_2f_gripper_control/share/common-lisp/ros/robotiq_2f_gripper_control/msg/_package_Robotiq2FGripper_robot_input.lisp, /home/stefan/ws_moveit/devel/share/common-lisp/ros/robotiq_2f_gripper_control/msg/_package_Robotiq2FGripper_robot_input.lisp)
Linked: (/home/stefan/ws_moveit/devel/.private/robotiq_2f_gripper_control/share/common-lisp/ros/robotiq_2f_gripper_control/msg/_package.lisp, /home/stefan/ws_moveit/devel/share/common-lisp/ros/robotiq_2f_gripper_control/msg/_package.lisp)
Linked: (/home/stefan/ws_moveit/devel/.private/robotiq_2f_gripper_control/share/common-lisp/ros/robotiq_2f_gripper_control/msg/robotiq_2f_gripper_control-msg.asd, /home/stefan/ws_moveit/devel/share/common-lisp/ros/robotiq_2f_gripper_control/msg/robotiq_2f_gripper_control-msg.asd)
