[35m[1mScanning dependencies of target rosgraph_msgs_generate_messages_lisp[0m
[  0%] Built target rosgraph_msgs_generate_messages_lisp
[35m[1mScanning dependencies of target std_msgs_generate_messages_py[0m
[  0%] Built target std_msgs_generate_messages_py
[35m[1mScanning dependencies of target std_msgs_generate_messages_nodejs[0m
[  0%] Built target std_msgs_generate_messages_nodejs
[35m[1mScanning dependencies of target std_msgs_generate_messages_cpp[0m
[  0%] Built target std_msgs_generate_messages_cpp
[35m[1mScanning dependencies of target rosgraph_msgs_generate_messages_nodejs[0m
[  0%] Built target rosgraph_msgs_generate_messages_nodejs
[35m[1mScanning dependencies of target std_msgs_generate_messages_lisp[0m
[  0%] Built target std_msgs_generate_messages_lisp
[35m[1mScanning dependencies of target roscpp_generate_messages_py[0m
[  0%] Built target roscpp_generate_messages_py
[35m[1mScanning dependencies of target roscpp_generate_messages_cpp[0m
[  0%] Built target roscpp_generate_messages_cpp
[35m[1mScanning dependencies of target roscpp_generate_messages_eus[0m
[  0%] Built target roscpp_generate_messages_eus
[35m[1mScanning dependencies of target rosgraph_msgs_generate_messages_py[0m
[  0%] Built target rosgraph_msgs_generate_messages_py
[35m[1mScanning dependencies of target roscpp_generate_messages_lisp[0m
[  0%] Built target roscpp_generate_messages_lisp
[35m[1mScanning dependencies of target std_msgs_generate_messages_eus[0m
[  0%] Built target std_msgs_generate_messages_eus
[35m[1mScanning dependencies of target roscpp_generate_messages_nodejs[0m
[  0%] Built target roscpp_generate_messages_nodejs
[35m[1mScanning dependencies of target rosgraph_msgs_generate_messages_cpp[0m
[  0%] Built target rosgraph_msgs_generate_messages_cpp
[35m[1mScanning dependencies of target rosgraph_msgs_generate_messages_eus[0m
[  0%] Built target rosgraph_msgs_generate_messages_eus
[35m[1mScanning dependencies of target franka_hw[0m
[ 20%] [32mBuilding CXX object CMakeFiles/franka_hw.dir/src/control_mode.cpp.o[0m
[ 40%] [32mBuilding CXX object CMakeFiles/franka_hw.dir/src/franka_hw.cpp.o[0m
[01m[K/home/stefan/ws_moveit/src/franka_ros/franka_hw/src/franka_hw.cpp:[m[K In function ‘[01m[Kstd::ostream& franka_hw::{anonymous}::operator<<(std::ostream&, franka::ControllerMode)[m[K’:
[01m[K/home/stefan/ws_moveit/src/franka_ros/franka_hw/src/franka_hw.cpp:25:1:[m[K [01;35m[Kwarning: [m[Kno return statement in function returning non-void [[01;35m[K-Wreturn-type[m[K]
   25 | [01;35m[K}[m[K
      | [01;35m[K^[m[K
[ 60%] [32mBuilding CXX object CMakeFiles/franka_hw.dir/src/resource_helpers.cpp.o[0m
[ 80%] [32mBuilding CXX object CMakeFiles/franka_hw.dir/src/trigger_rate.cpp.o[0m
[100%] [32m[1mLinking CXX shared library /home/stefan/ws_moveit/devel/.private/franka_hw/lib/libfranka_hw.so[0m
[100%] Built target franka_hw
