[ 13%] Built target moveit_kdl_kinematics_plugin
[ 21%] Built target moveit_lma_kinematics_plugin
[ 30%] Built target moveit_srv_kinematics_plugin
[35m[1mScanning dependencies of target moveit_cached_ik_kinematics_base[0m
[ 34%] [32mBuilding CXX object cached_ik_kinematics_plugin/CMakeFiles/moveit_cached_ik_kinematics_base.dir/src/ik_cache.cpp.o[0m
[ 39%] [32m[1mLinking CXX executable /home/stefan/ws_moveit/devel/.private/moveit_kinematics/lib/moveit_kinematics/benchmark_ik[0m
[ 43%] Built target benchmark_ik
[ 52%] Built target gtest
[ 56%] [32m[1mLinking CXX executable /home/stefan/ws_moveit/devel/.private/moveit_kinematics/lib/moveit_kinematics/test_kinematics_plugin[0m
[ 60%] Built target test_kinematics_plugin
[ 65%] [32m[1mLinking CXX shared library /home/stefan/ws_moveit/devel/.private/moveit_kinematics/lib/libmoveit_cached_ik_kinematics_base.so[0m
[ 65%] Built target moveit_cached_ik_kinematics_base
[35m[1mScanning dependencies of target moveit_cached_ur5_kinematics_plugin[0m
[35m[1mScanning dependencies of target moveit_cached_ur10_kinematics_plugin[0m
[35m[1mScanning dependencies of target moveit_cached_ik_kinematics_plugin[0m
[ 69%] [32mBuilding CXX object cached_ik_kinematics_plugin/CMakeFiles/moveit_cached_ik_kinematics_plugin.dir/src/cached_ik_kinematics_plugin.cpp.o[0m
[ 73%] [32mBuilding CXX object cached_ik_kinematics_plugin/CMakeFiles/moveit_cached_ur5_kinematics_plugin.dir/src/cached_ur_kinematics_plugin.cpp.o[0m
[ 78%] [32mBuilding CXX object cached_ik_kinematics_plugin/CMakeFiles/moveit_cached_ur10_kinematics_plugin.dir/src/cached_ur_kinematics_plugin.cpp.o[0m
[35m[1mScanning dependencies of target moveit_cached_ur3_kinematics_plugin[0m
[ 82%] [32m[1mLinking CXX shared library /home/stefan/ws_moveit/devel/.private/moveit_kinematics/lib/libmoveit_cached_ur10_kinematics_plugin.so[0m
[ 86%] [32mBuilding CXX object cached_ik_kinematics_plugin/CMakeFiles/moveit_cached_ur3_kinematics_plugin.dir/src/cached_ur_kinematics_plugin.cpp.o[0m
[ 86%] Built target moveit_cached_ur10_kinematics_plugin
[ 91%] [32m[1mLinking CXX shared library /home/stefan/ws_moveit/devel/.private/moveit_kinematics/lib/libmoveit_cached_ur5_kinematics_plugin.so[0m
[ 95%] [32m[1mLinking CXX shared library /home/stefan/ws_moveit/devel/.private/moveit_kinematics/lib/libmoveit_cached_ik_kinematics_plugin.so[0m
[ 95%] Built target moveit_cached_ur5_kinematics_plugin
[ 95%] Built target moveit_cached_ik_kinematics_plugin
[100%] [32m[1mLinking CXX shared library /home/stefan/ws_moveit/devel/.private/moveit_kinematics/lib/libmoveit_cached_ur3_kinematics_plugin.so[0m
[100%] Built target moveit_cached_ur3_kinematics_plugin
