[35m[1mScanning dependencies of target _franka_msgs_generate_messages_check_deps_FrankaState[0m
[  0%] Built target _franka_msgs_generate_messages_check_deps_FrankaState
[35m[1mScanning dependencies of target std_msgs_generate_messages_nodejs[0m
[  0%] Built target std_msgs_generate_messages_nodejs
[35m[1mScanning dependencies of target _franka_msgs_generate_messages_check_deps_Errors[0m
[  0%] Built target _franka_msgs_generate_messages_check_deps_Errors
[35m[1mScanning dependencies of target std_msgs_generate_messages_eus[0m
[  0%] Built target std_msgs_generate_messages_eus
[35m[1mScanning dependencies of target std_msgs_generate_messages_py[0m
[  0%] Built target std_msgs_generate_messages_py
[35m[1mScanning dependencies of target std_msgs_generate_messages_cpp[0m
[  0%] Built target std_msgs_generate_messages_cpp
[35m[1mScanning dependencies of target std_msgs_generate_messages_lisp[0m
[  0%] Built target std_msgs_generate_messages_lisp
[35m[1mScanning dependencies of target franka_msgs_generate_messages_nodejs[0m
[  8%] [34m[1mGenerating Javascript code from franka_msgs/Errors.msg[0m
[ 16%] [34m[1mGenerating Javascript code from franka_msgs/FrankaState.msg[0m
[ 16%] Built target franka_msgs_generate_messages_nodejs
[35m[1mScanning dependencies of target franka_msgs_generate_messages_eus[0m
[ 25%] [34m[1mGenerating EusLisp code from franka_msgs/Errors.msg[0m
[ 33%] [34m[1mGenerating EusLisp code from franka_msgs/FrankaState.msg[0m
[ 41%] [34m[1mGenerating EusLisp manifest code for franka_msgs[0m
[ 41%] Built target franka_msgs_generate_messages_eus
[35m[1mScanning dependencies of target franka_msgs_generate_messages_py[0m
[ 50%] [34m[1mGenerating Python from MSG franka_msgs/Errors[0m
[ 58%] [34m[1mGenerating Python from MSG franka_msgs/FrankaState[0m
[ 66%] [34m[1mGenerating Python msg __init__.py for franka_msgs[0m
[ 66%] Built target franka_msgs_generate_messages_py
[35m[1mScanning dependencies of target franka_msgs_generate_messages_cpp[0m
[ 75%] [34m[1mGenerating C++ code from franka_msgs/Errors.msg[0m
[ 83%] [34m[1mGenerating C++ code from franka_msgs/FrankaState.msg[0m
[ 83%] Built target franka_msgs_generate_messages_cpp
[35m[1mScanning dependencies of target franka_msgs_generate_messages_lisp[0m
[ 91%] [34m[1mGenerating Lisp code from franka_msgs/Errors.msg[0m
[100%] [34m[1mGenerating Lisp code from franka_msgs/FrankaState.msg[0m
[100%] Built target franka_msgs_generate_messages_lisp
[35m[1mScanning dependencies of target franka_msgs_generate_messages[0m
[100%] Built target franka_msgs_generate_messages
